{"name": "test_buy_product", "status": "broken", "statusDetails": {"message": "selenium.common.exceptions.TimeoutException: Message:", "trace": "@allure.description(\"Test buy product\")\n    def test_buy_product():\n        options = webdriver.ChromeOptions()\n        options.add_experimental_option(\"detach\", True)\n        # options.add_argument(\"--headless\")\n        driver = webdriver.Chrome(options=options)\n    \n        print(\"Start Test\")\n    \n        main = MainPage(driver)\n        main.authorization()\n>       main.open_product_page()\n\ntests\\test_buy_product.py:19: \n_ _ _ _ _ _ _ _ _ _ _ _ _ _ _ _ _ _ _ _ _ _ _ _ _ _ _ _ _ _ _ _ _ _ _ _ _ _ _ _ _ _ _ _ _ _ _ _ _ _ _ _ _ _ _ _ _ _ _ _ _ _ _ _ _ _ _ _ _ _ _ _ _ _ _ _ _ _ _ _ _ _ _ _ _ _ _ _ _ _\npages\\main_page.py:117: in open_product_page\n    self.click_knives()\npages\\main_page.py:93: in click_knives\n    self.get_knives().click()\npages\\main_page.py:63: in get_knives\n    return WebDriverWait(self.driver, 10).until(\n_ _ _ _ _ _ _ _ _ _ _ _ _ _ _ _ _ _ _ _ _ _ _ _ _ _ _ _ _ _ _ _ _ _ _ _ _ _ _ _ _ _ _ _ _ _ _ _ _ _ _ _ _ _ _ _ _ _ _ _ _ _ _ _ _ _ _ _ _ _ _ _ _ _ _ _ _ _ _ _ _ _ _ _ _ _ _ _ _ _\n\nself = <selenium.webdriver.support.wait.WebDriverWait (session=\"d6fbdad474705f8063d59cb208652c9b\")>\nmethod = <function element_to_be_clickable.<locals>._predicate at 0x000001AC3D9EDBC0>, message = ''\n\n    def until(self, method: Callable[[D], Union[Literal[False], T]], message: str = \"\") -> T:\n        \"\"\"Calls the method provided with the driver as an argument until the \\\n        return value does not evaluate to ``False``.\n    \n        :param method: callable(WebDriver)\n        :param message: optional message for :exc:`TimeoutException`\n        :returns: the result of the last call to `method`\n        :raises: :exc:`selenium.common.exceptions.TimeoutException` if timeout occurs\n        \"\"\"\n        screen = None\n        stacktrace = None\n    \n        end_time = time.monotonic() + self._timeout\n        while True:\n            try:\n                value = method(self._driver)\n                if value:\n                    return value\n            except self._ignored_exceptions as exc:\n                screen = getattr(exc, \"screen\", None)\n                stacktrace = getattr(exc, \"stacktrace\", None)\n            time.sleep(self._poll)\n            if time.monotonic() > end_time:\n                break\n>       raise TimeoutException(message, screen, stacktrace)\nE       selenium.common.exceptions.TimeoutException: Message:\n\nC:\\Users\\anton\\AppData\\Local\\Programs\\Python\\Python312\\Lib\\site-packages\\selenium\\webdriver\\support\\wait.py:105: TimeoutException"}, "description": "Test buy product", "steps": [{"name": "Authorization", "status": "passed", "start": 1713033773531, "stop": 1713033780319}, {"name": "Open product page", "status": "broken", "statusDetails": {"message": "selenium.common.exceptions.TimeoutException: Message: \n\n", "trace": "  File \"C:\\#MyProjects\\zlatoz_selenium\\pages\\main_page.py\", line 117, in open_product_page\n    self.click_knives()\n  File \"C:\\#MyProjects\\zlatoz_selenium\\pages\\main_page.py\", line 93, in click_knives\n    self.get_knives().click()\n    ^^^^^^^^^^^^^^^^^\n  File \"C:\\#MyProjects\\zlatoz_selenium\\pages\\main_page.py\", line 63, in get_knives\n    return WebDriverWait(self.driver, 10).until(\n           ^^^^^^^^^^^^^^^^^^^^^^^^^^^^^^^^^^^^^\n  File \"C:\\Users\\anton\\AppData\\Local\\Programs\\Python\\Python312\\Lib\\site-packages\\selenium\\webdriver\\support\\wait.py\", line 105, in until\n    raise TimeoutException(message, screen, stacktrace)\n"}, "start": 1713033780319, "stop": 1713033790660}], "attachments": [{"name": "stdout", "source": "6cd302cf-eafa-4846-810a-53620352c260-attachment.txt", "type": "text/plain"}], "start": 1713033772028, "stop": 1713033790662, "uuid": "eda5c5b1-02c3-4237-a4ab-b9b31d5db292", "historyId": "22557127bd8e5c9d27d61f44787213b8", "testCaseId": "22557127bd8e5c9d27d61f44787213b8", "fullName": "tests.test_buy_product#test_buy_product", "labels": [{"name": "parentSuite", "value": "tests"}, {"name": "suite", "value": "test_buy_product"}, {"name": "host", "value": "DESKTOP-9VF3JS6"}, {"name": "thread", "value": "13824-MainThread"}, {"name": "framework", "value": "pytest"}, {"name": "language", "value": "cpython3"}, {"name": "package", "value": "tests.test_buy_product"}]}