{"name": "test_buy_product", "status": "broken", "statusDetails": {"message": "selenium.common.exceptions.TimeoutException: Message: \nStacktrace:\n\tGetHandleVerifier [0x00007FF6D69B7032+63090]\n\t(No symbol) [0x00007FF6D6922C82]\n\t(No symbol) [0x00007FF6D67BEC65]\n\t(No symbol) [0x00007FF6D680499D]\n\t(No symbol) [0x00007FF6D6804ADC]\n\t(No symbol) [0x00007FF6D6845B37]\n\t(No symbol) [0x00007FF6D682701F]\n\t(No symbol) [0x00007FF6D6843412]\n\t(No symbol) [0x00007FF6D6826D83]\n\t(No symbol) [0x00007FF6D67F83A8]\n\t(No symbol) [0x00007FF6D67F9441]\n\tGetHandleVerifier [0x00007FF6D6DB25AD+4238317]\n\tGetHandleVerifier [0x00007FF6D6DEF70D+4488525]\n\tGetHandleVerifier [0x00007FF6D6DE79EF+4456495]\n\tGetHandleVerifier [0x00007FF6D6A90576+953270]\n\t(No symbol) [0x00007FF6D692E54F]\n\t(No symbol) [0x00007FF6D6929224]\n\t(No symbol) [0x00007FF6D692935B]\n\t(No symbol) [0x00007FF6D6919B94]\n\tBaseThreadInitThunk [0x00007FFFE2AE7344+20]\n\tRtlUserThreadStart [0x00007FFFE3EA26B1+33]", "trace": "@allure.description(\"Test buy product\")\n    def test_buy_product():\n        options = webdriver.ChromeOptions()\n        options.add_experimental_option(\"detach\", True)\n        # options.add_argument(\"--headless\")\n        driver = webdriver.Chrome(options=options)\n    \n        print(\"Start Test\")\n    \n        main = MainPage(driver)\n        main.authorization()\n        main.open_product_page()\n    \n        prod = ProductPage(driver)\n>       prod.select_product()\n\ntests\\test_buy_product.py:22: \n_ _ _ _ _ _ _ _ _ _ _ _ _ _ _ _ _ _ _ _ _ _ _ _ _ _ _ _ _ _ _ _ _ _ _ _ _ _ _ _ _ _ _ _ _ _ _ _ _ _ _ _ _ _ _ _ _ _ _ _ _ _ _ _ _ _ _ _ _ _ _ _ _ _ _ _ _ _ _ _ _ _ _ _ _ _ _ _ _ _\npages\\product_page.py:76: in select_product\n    self.click_cart()\npages\\product_page.py:63: in click_cart\n    self.get_cart().click()\npages\\product_page.py:44: in get_cart\n    return WebDriverWait(self.driver, 10).until(\n_ _ _ _ _ _ _ _ _ _ _ _ _ _ _ _ _ _ _ _ _ _ _ _ _ _ _ _ _ _ _ _ _ _ _ _ _ _ _ _ _ _ _ _ _ _ _ _ _ _ _ _ _ _ _ _ _ _ _ _ _ _ _ _ _ _ _ _ _ _ _ _ _ _ _ _ _ _ _ _ _ _ _ _ _ _ _ _ _ _\n\nself = <selenium.webdriver.support.wait.WebDriverWait (session=\"fc03631d1fe923558f77a9374bed886d\")>\nmethod = <function element_to_be_clickable.<locals>._predicate at 0x0000016D2B0084A0>, message = ''\n\n    def until(self, method: Callable[[D], Union[Literal[False], T]], message: str = \"\") -> T:\n        \"\"\"Calls the method provided with the driver as an argument until the \\\n        return value does not evaluate to ``False``.\n    \n        :param method: callable(WebDriver)\n        :param message: optional message for :exc:`TimeoutException`\n        :returns: the result of the last call to `method`\n        :raises: :exc:`selenium.common.exceptions.TimeoutException` if timeout occurs\n        \"\"\"\n        screen = None\n        stacktrace = None\n    \n        end_time = time.monotonic() + self._timeout\n        while True:\n            try:\n                value = method(self._driver)\n                if value:\n                    return value\n            except self._ignored_exceptions as exc:\n                screen = getattr(exc, \"screen\", None)\n                stacktrace = getattr(exc, \"stacktrace\", None)\n            time.sleep(self._poll)\n            if time.monotonic() > end_time:\n                break\n>       raise TimeoutException(message, screen, stacktrace)\nE       selenium.common.exceptions.TimeoutException: Message: \nE       Stacktrace:\nE       \tGetHandleVerifier [0x00007FF6D69B7032+63090]\nE       \t(No symbol) [0x00007FF6D6922C82]\nE       \t(No symbol) [0x00007FF6D67BEC65]\nE       \t(No symbol) [0x00007FF6D680499D]\nE       \t(No symbol) [0x00007FF6D6804ADC]\nE       \t(No symbol) [0x00007FF6D6845B37]\nE       \t(No symbol) [0x00007FF6D682701F]\nE       \t(No symbol) [0x00007FF6D6843412]\nE       \t(No symbol) [0x00007FF6D6826D83]\nE       \t(No symbol) [0x00007FF6D67F83A8]\nE       \t(No symbol) [0x00007FF6D67F9441]\nE       \tGetHandleVerifier [0x00007FF6D6DB25AD+4238317]\nE       \tGetHandleVerifier [0x00007FF6D6DEF70D+4488525]\nE       \tGetHandleVerifier [0x00007FF6D6DE79EF+4456495]\nE       \tGetHandleVerifier [0x00007FF6D6A90576+953270]\nE       \t(No symbol) [0x00007FF6D692E54F]\nE       \t(No symbol) [0x00007FF6D6929224]\nE       \t(No symbol) [0x00007FF6D692935B]\nE       \t(No symbol) [0x00007FF6D6919B94]\nE       \tBaseThreadInitThunk [0x00007FFFE2AE7344+20]\nE       \tRtlUserThreadStart [0x00007FFFE3EA26B1+33]\n\nC:\\Users\\anton\\AppData\\Local\\Programs\\Python\\Python312\\Lib\\site-packages\\selenium\\webdriver\\support\\wait.py:105: TimeoutException"}, "description": "Test buy product", "steps": [{"name": "Authorization", "status": "passed", "start": 1713030811765, "stop": 1713030818536}, {"name": "Open product page", "status": "passed", "start": 1713030818536, "stop": 1713030821253}, {"name": "Select product", "status": "broken", "statusDetails": {"message": "selenium.common.exceptions.TimeoutException: Message: \nStacktrace:\n\tGetHandleVerifier [0x00007FF6D69B7032+63090]\n\t(No symbol) [0x00007FF6D6922C82]\n\t(No symbol) [0x00007FF6D67BEC65]\n\t(No symbol) [0x00007FF6D680499D]\n\t(No symbol) [0x00007FF6D6804ADC]\n\t(No symbol) [0x00007FF6D6845B37]\n\t(No symbol) [0x00007FF6D682701F]\n\t(No symbol) [0x00007FF6D6843412]\n\t(No symbol) [0x00007FF6D6826D83]\n\t(No symbol) [0x00007FF6D67F83A8]\n\t(No symbol) [0x00007FF6D67F9441]\n\tGetHandleVerifier [0x00007FF6D6DB25AD+4238317]\n\tGetHandleVerifier [0x00007FF6D6DEF70D+4488525]\n\tGetHandleVerifier [0x00007FF6D6DE79EF+4456495]\n\tGetHandleVerifier [0x00007FF6D6A90576+953270]\n\t(No symbol) [0x00007FF6D692E54F]\n\t(No symbol) [0x00007FF6D6929224]\n\t(No symbol) [0x00007FF6D692935B]\n\t(No symbol) [0x00007FF6D6919B94]\n\tBaseThreadInitThunk [0x00007FFFE2AE7344+20]\n\tRtlUserThreadStart [0x00007FFFE3EA26B1+33]\n\n", "trace": "  File \"C:\\#MyProjects\\zlatoz_selenium\\pages\\product_page.py\", line 76, in select_product\n    self.click_cart()\n  File \"C:\\#MyProjects\\zlatoz_selenium\\pages\\product_page.py\", line 63, in click_cart\n    self.get_cart().click()\n    ^^^^^^^^^^^^^^^\n  File \"C:\\#MyProjects\\zlatoz_selenium\\pages\\product_page.py\", line 44, in get_cart\n    return WebDriverWait(self.driver, 10).until(\n           ^^^^^^^^^^^^^^^^^^^^^^^^^^^^^^^^^^^^^\n  File \"C:\\Users\\anton\\AppData\\Local\\Programs\\Python\\Python312\\Lib\\site-packages\\selenium\\webdriver\\support\\wait.py\", line 105, in until\n    raise TimeoutException(message, screen, stacktrace)\n"}, "start": 1713030821253, "stop": 1713030835233}], "attachments": [{"name": "stdout", "source": "82be264b-2fff-41e3-8fd9-38f389bd0fb6-attachment.txt", "type": "text/plain"}], "start": 1713030810226, "stop": 1713030835235, "uuid": "a875b060-13fa-4a6e-bcb3-ac6421cdcf7e", "historyId": "22557127bd8e5c9d27d61f44787213b8", "testCaseId": "22557127bd8e5c9d27d61f44787213b8", "fullName": "tests.test_buy_product#test_buy_product", "labels": [{"name": "parentSuite", "value": "tests"}, {"name": "suite", "value": "test_buy_product"}, {"name": "host", "value": "DESKTOP-9VF3JS6"}, {"name": "thread", "value": "9752-MainThread"}, {"name": "framework", "value": "pytest"}, {"name": "language", "value": "cpython3"}, {"name": "package", "value": "tests.test_buy_product"}]}